<?xml version="1.0" encoding="UTF-8"?>
<!-- Generated by org.testng.reporters.JUnitXMLReporter -->
<testsuite ignored="2" hostname="DESKTOP-LCGKJ6N" failures="1" tests="3" name="Test" time="28.665" errors="0" timestamp="2025-03-21T14:18:59 IST">
  <testcase classname="productTests.AddLowestPriceProductTestASSERT" name="tc_002_addLowestPriceProductToCartTest" time="7.311"/>
  <testcase classname="productTests.AddProductToCartExtentReport" name="tc_001_AddProductToCartTest" time="0.311">
    <failure type="java.lang.AssertionError" message="expected [product] but found [Sauce Labs Backpack]">
      <![CDATA[java.lang.AssertionError: expected [product] but found [Sauce Labs Backpack]
at productTests.AddProductToCartExtentReport.tc_001_AddProductToCartTest(AddProductToCartExtentReport.java:43)
at java.base/java.util.ArrayList.forEach(ArrayList.java:1511)
... Removed 33 stack frames]]>
    </failure>
  </testcase> <!-- tc_001_AddProductToCartTest -->
  <testcase classname="productTests.AddProductToCartExtentReport" name="tc_002_sampleTest" time="0.003"/>
  <testcase classname="genericUtilities.BaseClass" name="@BeforeSuite bsConfig" time="0.0">
    <ignored/>
  </testcase> <!-- @BeforeSuite bsConfig -->
  <testcase classname="genericUtilities.BaseClass" name="@AfterSuite asConfig" time="0.0">
    <ignored/>
  </testcase> <!-- @AfterSuite asConfig -->
</testsuite> <!-- Test -->
